<?xml version="1.0" encoding="UTF-8"?>
<!-- Generated by org.testng.reporters.JUnitXMLReporter -->
<testsuite ignored="0" hostname="DESKTOP-CN11NCU" failures="0" tests="4" name="ProductInfo Page Test" time="7.547" errors="0" timestamp="28 Aug 2023 22:50:24 GMT">
  <testcase classname="com.qa.swaglab.tests.ProductInfoTest" name="prodCountTest" time="0.092"/>
  <testcase classname="com.qa.swaglab.tests.ProductInfoTest" name="prodHeaderTest" time="0.186"/>
  <testcase classname="com.qa.swaglab.tests.ProductInfoTest" name="prodPriceTest" time="0.035"/>
  <testcase classname="com.qa.swaglab.tests.ProductInfoTest" name="prodCartBadgeCheckTest" time="0.08"/>
</testsuite> <!-- ProductInfo Page Test -->
