<?xml version="1.0" encoding="UTF-8"?>
<!-- Generated by org.testng.reporters.JUnitXMLReporter -->
<testsuite hostname="DESKTOP-CN11NCU" ignored="0" name="Login Page Test" tests="7" failures="0" timestamp="14 Mar 2023 20:55:49 GMT" time="9.112" errors="0">
  <testcase name="loginNegativeTest" time="0.74" classname="com.qa.swaglab.tests.LoginPageTest"/>
  <testcase name="loginNegativeTest" time="0.565" classname="com.qa.swaglab.tests.LoginPageTest"/>
  <testcase name="loginNegativeTest" time="0.494" classname="com.qa.swaglab.tests.LoginPageTest"/>
  <testcase name="loginPageTitleTest" time="0.071" classname="com.qa.swaglab.tests.LoginPageTest"/>
  <testcase name="loginPageUrlTest" time="0.023" classname="com.qa.swaglab.tests.LoginPageTest"/>
  <testcase name="acceptedUsernameExistTest" time="0.083" classname="com.qa.swaglab.tests.LoginPageTest"/>
  <testcase name="doLoginTest" time="0.531" classname="com.qa.swaglab.tests.LoginPageTest"/>
</testsuite> <!-- Login Page Test -->
