<?xml version="1.0" encoding="UTF-8"?>
<!-- Generated by org.testng.reporters.JUnitReportReporter -->
<testsuite hostname="DESKTOP-CN11NCU" failures="0" tests="7" name="com.qa.swaglab.tests.LoginPageTest" time="2.731" errors="0" timestamp="28 Aug 2023 22:51:10 GMT" skipped="0">
  <testcase classname="com.qa.swaglab.tests.LoginPageTest" name="loginNegativeTest" time="0.990"/>
  <testcase classname="com.qa.swaglab.tests.LoginPageTest" name="loginNegativeTest" time="0.474"/>
  <testcase classname="com.qa.swaglab.tests.LoginPageTest" name="loginNegativeTest" time="0.497"/>
  <testcase classname="com.qa.swaglab.tests.LoginPageTest" name="loginPageTitleTest" time="0.045"/>
  <testcase classname="com.qa.swaglab.tests.LoginPageTest" name="loginPageUrlTest" time="0.019"/>
  <testcase classname="com.qa.swaglab.tests.LoginPageTest" name="acceptedUsernameExistTest" time="0.052"/>
  <testcase classname="com.qa.swaglab.tests.LoginPageTest" name="doLoginTest" time="0.654"/>
</testsuite> <!-- com.qa.swaglab.tests.LoginPageTest -->
